<?xml version="1.0" encoding="UTF-8"?>
<coverage generated="1519423278537" clover="3.2.0">
  <project timestamp="1519423278537" name="All files">
    <metrics statements="24" coveredstatements="24" conditionals="7" coveredconditionals="7" methods="15" coveredmethods="15" elements="46" coveredelements="46" complexity="0" loc="24" ncloc="24" packages="5" files="11" classes="11">
      <package name="config">
        <metrics statements="1" coveredstatements="1" conditionals="0" coveredconditionals="0" methods="0" coveredmethods="0"/>
        <file name="enzymeSetup.js" path="/Users/bjernigan/Projects/whatisboom/config/enzymeSetup.js">
          <metrics statements="1" coveredstatements="1" conditionals="0" coveredconditionals="0" methods="0" coveredmethods="0"/>
          <line num="4" count="5" type="stmt"/>
        </file>
      </package>
      <package name="src.actions">
        <metrics statements="1" coveredstatements="1" conditionals="0" coveredconditionals="0" methods="0" coveredmethods="0"/>
        <file name="index.js" path="/Users/bjernigan/Projects/whatisboom/src/actions/index.js">
          <metrics statements="0" coveredstatements="0" conditionals="0" coveredconditionals="0" methods="0" coveredmethods="0"/>
        </file>
        <file name="types.js" path="/Users/bjernigan/Projects/whatisboom/src/actions/types.js">
          <metrics statements="1" coveredstatements="1" conditionals="0" coveredconditionals="0" methods="0" coveredmethods="0"/>
          <line num="1" count="1" type="stmt"/>
        </file>
      </package>
      <package name="src.components">
        <metrics statements="17" coveredstatements="17" conditionals="3" coveredconditionals="3" methods="12" coveredmethods="12"/>
        <file name="heading.jsx" path="/Users/bjernigan/Projects/whatisboom/src/components/heading.jsx">
          <metrics statements="1" coveredstatements="1" conditionals="0" coveredconditionals="0" methods="1" coveredmethods="1"/>
          <line num="10" count="3" type="stmt"/>
        </file>
        <file name="index.js" path="/Users/bjernigan/Projects/whatisboom/src/components/index.js">
          <metrics statements="0" coveredstatements="0" conditionals="0" coveredconditionals="0" methods="0" coveredmethods="0"/>
        </file>
        <file name="side-nav-item.jsx" path="/Users/bjernigan/Projects/whatisboom/src/components/side-nav-item.jsx">
          <metrics statements="2" coveredstatements="2" conditionals="0" coveredconditionals="0" methods="1" coveredmethods="1"/>
          <line num="20" count="1" type="stmt"/>
          <line num="21" count="1" type="stmt"/>
        </file>
        <file name="side-nav.jsx" path="/Users/bjernigan/Projects/whatisboom/src/components/side-nav.jsx">
          <metrics statements="14" coveredstatements="14" conditionals="3" coveredconditionals="3" methods="10" coveredmethods="10"/>
          <line num="22" count="16" type="stmt"/>
          <line num="23" count="16" type="stmt"/>
          <line num="29" count="20" type="stmt"/>
          <line num="31" count="20" type="stmt"/>
          <line num="42" count="23" type="cond" truecount="2" falsecount="0"/>
          <line num="46" count="23" type="stmt"/>
          <line num="47" count="2" type="stmt"/>
          <line num="52" count="2" type="stmt"/>
          <line num="56" count="2" type="stmt"/>
          <line num="57" count="2" type="stmt"/>
          <line num="58" count="2" type="stmt"/>
          <line num="62" count="4" type="stmt"/>
          <line num="63" count="4" type="stmt"/>
          <line num="72" count="1" type="stmt"/>
        </file>
      </package>
      <package name="src.containers">
        <metrics statements="1" coveredstatements="1" conditionals="0" coveredconditionals="0" methods="1" coveredmethods="1"/>
        <file name="home.jsx" path="/Users/bjernigan/Projects/whatisboom/src/containers/home.jsx">
          <metrics statements="1" coveredstatements="1" conditionals="0" coveredconditionals="0" methods="1" coveredmethods="1"/>
          <line num="11" count="2" type="stmt"/>
        </file>
      </package>
      <package name="src.reducers">
        <metrics statements="4" coveredstatements="4" conditionals="4" coveredconditionals="4" methods="2" coveredmethods="2"/>
        <file name="data.js" path="/Users/bjernigan/Projects/whatisboom/src/reducers/data.js">
          <metrics statements="3" coveredstatements="3" conditionals="3" coveredconditionals="3" methods="1" coveredmethods="1"/>
          <line num="4" count="4" type="cond" truecount="2" falsecount="0"/>
          <line num="6" count="3" type="stmt"/>
          <line num="8" count="1" type="stmt"/>
        </file>
        <file name="index.js" path="/Users/bjernigan/Projects/whatisboom/src/reducers/index.js">
          <metrics statements="0" coveredstatements="0" conditionals="0" coveredconditionals="0" methods="0" coveredmethods="0"/>
        </file>
        <file name="nav.js" path="/Users/bjernigan/Projects/whatisboom/src/reducers/nav.js">
          <metrics statements="1" coveredstatements="1" conditionals="1" coveredconditionals="1" methods="1" coveredmethods="1"/>
          <line num="2" count="1" type="stmt"/>
        </file>
      </package>
    </metrics>
  </project>
</coverage>
