{"/Users/bjernigan/Projects/whatisboom/config/enzymeSetup.js": {"path":"/Users/bjernigan/Projects/whatisboom/config/enzymeSetup.js","statementMap":{"0":{"start":{"line":4,"column":0},"end":{"line":4,"column":37}}},"fnMap":{},"branchMap":{},"s":{"0":5},"f":{},"b":{},"_coverageSchema":"332fd63041d2c1bcb487cc26dd0d5f7d97098a6c","hash":"91116cf9b9a58b82807f2673002c927d45581f14"}
,"/Users/bjernigan/Projects/whatisboom/src/actions/index.js": {"path":"/Users/bjernigan/Projects/whatisboom/src/actions/index.js","statementMap":{},"fnMap":{},"branchMap":{},"s":{},"f":{},"b":{},"_coverageSchema":"332fd63041d2c1bcb487cc26dd0d5f7d97098a6c","hash":"c980a568ff627545f7f5de5627cd93f476ed44f4"}
,"/Users/bjernigan/Projects/whatisboom/src/actions/types.js": {"path":"/Users/bjernigan/Projects/whatisboom/src/actions/types.js","statementMap":{"0":{"start":{"line":1,"column":24},"end":{"line":1,"column":34}}},"fnMap":{},"branchMap":{},"s":{"0":1},"f":{},"b":{},"_coverageSchema":"332fd63041d2c1bcb487cc26dd0d5f7d97098a6c","hash":"2b77636784db265db7984176a53956559a1455f4"}
,"/Users/bjernigan/Projects/whatisboom/src/components/heading.jsx": {"path":"/Users/bjernigan/Projects/whatisboom/src/components/heading.jsx","statementMap":{"0":{"start":{"line":10,"column":4},"end":{"line":10,"column":42}}},"fnMap":{"0":{"name":"(anonymous_0)","decl":{"start":{"line":9,"column":2},"end":{"line":9,"column":3}},"loc":{"start":{"line":9,"column":11},"end":{"line":11,"column":3}},"line":9}},"branchMap":{},"s":{"0":3},"f":{"0":3},"b":{},"_coverageSchema":"332fd63041d2c1bcb487cc26dd0d5f7d97098a6c","hash":"42c1ad022cb86f1c9223c5468e2a41e3e9c2e476"}
,"/Users/bjernigan/Projects/whatisboom/src/components/index.js": {"path":"/Users/bjernigan/Projects/whatisboom/src/components/index.js","statementMap":{},"fnMap":{},"branchMap":{},"s":{},"f":{},"b":{},"_coverageSchema":"332fd63041d2c1bcb487cc26dd0d5f7d97098a6c","hash":"2ea13dcda54fb2c7cf56aa2a33a370405461722f"}
,"/Users/bjernigan/Projects/whatisboom/src/components/side-nav-item.jsx": {"path":"/Users/bjernigan/Projects/whatisboom/src/components/side-nav-item.jsx","statementMap":{"0":{"start":{"line":20,"column":8},"end":{"line":20,"column":23}},"1":{"start":{"line":21,"column":4},"end":{"line":21,"column":50}}},"fnMap":{"0":{"name":"(anonymous_0)","decl":{"start":{"line":16,"column":2},"end":{"line":16,"column":3}},"loc":{"start":{"line":16,"column":11},"end":{"line":22,"column":3}},"line":16}},"branchMap":{},"s":{"0":1,"1":1},"f":{"0":1},"b":{},"_coverageSchema":"332fd63041d2c1bcb487cc26dd0d5f7d97098a6c","hash":"b329868002a342a47b93881433aa1f9a9f24117d"}
,"/Users/bjernigan/Projects/whatisboom/src/components/side-nav.jsx": {"path":"/Users/bjernigan/Projects/whatisboom/src/components/side-nav.jsx","statementMap":{"0":{"start":{"line":22,"column":4},"end":{"line":22,"column":17}},"1":{"start":{"line":23,"column":4},"end":{"line":25,"column":6}},"2":{"start":{"line":29,"column":21},"end":{"line":29,"column":55}},"3":{"start":{"line":31,"column":4},"end":{"line":38,"column":6}},"4":{"start":{"line":42,"column":4},"end":{"line":42,"column":66}},"5":{"start":{"line":46,"column":4},"end":{"line":48,"column":7}},"6":{"start":{"line":47,"column":6},"end":{"line":47,"column":49}},"7":{"start":{"line":52,"column":4},"end":{"line":52,"column":89}},"8":{"start":{"line":56,"column":4},"end":{"line":56,"column":26}},"9":{"start":{"line":57,"column":4},"end":{"line":57,"column":38}},"10":{"start":{"line":58,"column":4},"end":{"line":58,"column":31}},"11":{"start":{"line":62,"column":4},"end":{"line":66,"column":7}},"12":{"start":{"line":63,"column":6},"end":{"line":65,"column":7}},"13":{"start":{"line":72,"column":2},"end":{"line":74,"column":4}}},"fnMap":{"0":{"name":"(anonymous_0)","decl":{"start":{"line":21,"column":2},"end":{"line":21,"column":3}},"loc":{"start":{"line":21,"column":21},"end":{"line":26,"column":3}},"line":21},"1":{"name":"(anonymous_1)","decl":{"start":{"line":28,"column":2},"end":{"line":28,"column":3}},"loc":{"start":{"line":28,"column":11},"end":{"line":39,"column":3}},"line":28},"2":{"name":"(anonymous_2)","decl":{"start":{"line":41,"column":2},"end":{"line":41,"column":3}},"loc":{"start":{"line":41,"column":17},"end":{"line":43,"column":3}},"line":41},"3":{"name":"(anonymous_3)","decl":{"start":{"line":45,"column":2},"end":{"line":45,"column":3}},"loc":{"start":{"line":45,"column":25},"end":{"line":49,"column":3}},"line":45},"4":{"name":"(anonymous_4)","decl":{"start":{"line":46,"column":20},"end":{"line":46,"column":21}},"loc":{"start":{"line":46,"column":33},"end":{"line":48,"column":5}},"line":46},"5":{"name":"(anonymous_5)","decl":{"start":{"line":51,"column":2},"end":{"line":51,"column":3}},"loc":{"start":{"line":51,"column":21},"end":{"line":53,"column":3}},"line":51},"6":{"name":"(anonymous_6)","decl":{"start":{"line":55,"column":2},"end":{"line":55,"column":3}},"loc":{"start":{"line":55,"column":20},"end":{"line":59,"column":3}},"line":55},"7":{"name":"(anonymous_7)","decl":{"start":{"line":61,"column":2},"end":{"line":61,"column":3}},"loc":{"start":{"line":61,"column":19},"end":{"line":67,"column":3}},"line":61},"8":{"name":"(anonymous_8)","decl":{"start":{"line":62,"column":18},"end":{"line":62,"column":19}},"loc":{"start":{"line":62,"column":33},"end":{"line":66,"column":5}},"line":62},"9":{"name":"mapStateToProps","decl":{"start":{"line":71,"column":16},"end":{"line":71,"column":31}},"loc":{"start":{"line":71,"column":39},"end":{"line":75,"column":1}},"line":71}},"branchMap":{"0":{"loc":{"start":{"line":42,"column":11},"end":{"line":42,"column":65}},"type":"cond-expr","locations":[{"start":{"line":42,"column":33},"end":{"line":42,"column":52}},{"start":{"line":42,"column":55},"end":{"line":42,"column":65}}],"line":42},"1":{"loc":{"start":{"line":45,"column":14},"end":{"line":45,"column":23}},"type":"default-arg","locations":[{"start":{"line":45,"column":21},"end":{"line":45,"column":23}}],"line":45}},"s":{"0":16,"1":16,"2":20,"3":20,"4":23,"5":23,"6":2,"7":2,"8":2,"9":2,"10":2,"11":4,"12":4,"13":1},"f":{"0":16,"1":20,"2":23,"3":23,"4":2,"5":2,"6":2,"7":4,"8":4,"9":1},"b":{"0":[4,19],"1":[1]},"_coverageSchema":"332fd63041d2c1bcb487cc26dd0d5f7d97098a6c","hash":"71d0e53a8291653092fbe1a518a78dfaca8af651"}
,"/Users/bjernigan/Projects/whatisboom/src/containers/home.jsx": {"path":"/Users/bjernigan/Projects/whatisboom/src/containers/home.jsx","statementMap":{"0":{"start":{"line":11,"column":4},"end":{"line":16,"column":6}}},"fnMap":{"0":{"name":"(anonymous_0)","decl":{"start":{"line":10,"column":2},"end":{"line":10,"column":3}},"loc":{"start":{"line":10,"column":11},"end":{"line":17,"column":3}},"line":10}},"branchMap":{},"s":{"0":2},"f":{"0":2},"b":{},"_coverageSchema":"332fd63041d2c1bcb487cc26dd0d5f7d97098a6c","hash":"3a044aabbeb7502deb564550f0b802da863c0a8b"}
,"/Users/bjernigan/Projects/whatisboom/src/reducers/data.js": {"path":"/Users/bjernigan/Projects/whatisboom/src/reducers/data.js","statementMap":{"0":{"start":{"line":4,"column":2},"end":{"line":9,"column":3}},"1":{"start":{"line":6,"column":6},"end":{"line":6,"column":25}},"2":{"start":{"line":8,"column":6},"end":{"line":8,"column":18}}},"fnMap":{"0":{"name":"data","decl":{"start":{"line":3,"column":24},"end":{"line":3,"column":28}},"loc":{"start":{"line":3,"column":48},"end":{"line":10,"column":1}},"line":3}},"branchMap":{"0":{"loc":{"start":{"line":3,"column":29},"end":{"line":3,"column":38}},"type":"default-arg","locations":[{"start":{"line":3,"column":36},"end":{"line":3,"column":38}}],"line":3},"1":{"loc":{"start":{"line":4,"column":2},"end":{"line":9,"column":3}},"type":"switch","locations":[{"start":{"line":5,"column":4},"end":{"line":6,"column":25}},{"start":{"line":7,"column":4},"end":{"line":8,"column":18}}],"line":4}},"s":{"0":4,"1":3,"2":1},"f":{"0":4},"b":{"0":[2],"1":[3,1]},"_coverageSchema":"332fd63041d2c1bcb487cc26dd0d5f7d97098a6c","hash":"4eae0f1fc442fab9425565792a7814507da2ab9f"}
,"/Users/bjernigan/Projects/whatisboom/src/reducers/index.js": {"path":"/Users/bjernigan/Projects/whatisboom/src/reducers/index.js","statementMap":{},"fnMap":{},"branchMap":{},"s":{},"f":{},"b":{},"_coverageSchema":"332fd63041d2c1bcb487cc26dd0d5f7d97098a6c","hash":"93f00d2ae07d0020f80990b5091388208e15a3b0"}
,"/Users/bjernigan/Projects/whatisboom/src/reducers/nav.js": {"path":"/Users/bjernigan/Projects/whatisboom/src/reducers/nav.js","statementMap":{"0":{"start":{"line":2,"column":2},"end":{"line":2,"column":13}}},"fnMap":{"0":{"name":"nav","decl":{"start":{"line":1,"column":24},"end":{"line":1,"column":27}},"loc":{"start":{"line":1,"column":38},"end":{"line":3,"column":1}},"line":1}},"branchMap":{"0":{"loc":{"start":{"line":1,"column":28},"end":{"line":1,"column":36}},"type":"default-arg","locations":[{"start":{"line":1,"column":34},"end":{"line":1,"column":36}}],"line":1}},"s":{"0":1},"f":{"0":1},"b":{"0":[1]},"_coverageSchema":"332fd63041d2c1bcb487cc26dd0d5f7d97098a6c","hash":"5e774dcdafb72ce0d109d6630b995b230fff575e"}
}
