TN:
SF:/Users/bjernigan/Projects/whatisboom/config/enzymeSetup.js
FNF:0
FNH:0
DA:4,5
LF:1
LH:1
BRF:0
BRH:0
end_of_record
TN:
SF:/Users/bjernigan/Projects/whatisboom/src/actions/index.js
FNF:0
FNH:0
LF:0
LH:0
BRF:0
BRH:0
end_of_record
TN:
SF:/Users/bjernigan/Projects/whatisboom/src/actions/types.js
FNF:0
FNH:0
DA:1,1
LF:1
LH:1
BRF:0
BRH:0
end_of_record
TN:
SF:/Users/bjernigan/Projects/whatisboom/src/components/heading.jsx
FN:9,(anonymous_0)
FNF:1
FNH:1
FNDA:3,(anonymous_0)
DA:10,3
LF:1
LH:1
BRF:0
BRH:0
end_of_record
TN:
SF:/Users/bjernigan/Projects/whatisboom/src/components/index.js
FNF:0
FNH:0
LF:0
LH:0
BRF:0
BRH:0
end_of_record
TN:
SF:/Users/bjernigan/Projects/whatisboom/src/components/side-nav-item.jsx
FN:16,(anonymous_0)
FNF:1
FNH:1
FNDA:1,(anonymous_0)
DA:20,1
DA:21,1
LF:2
LH:2
BRF:0
BRH:0
end_of_record
TN:
SF:/Users/bjernigan/Projects/whatisboom/src/components/side-nav.jsx
FN:21,(anonymous_0)
FN:28,(anonymous_1)
FN:41,(anonymous_2)
FN:45,(anonymous_3)
FN:46,(anonymous_4)
FN:51,(anonymous_5)
FN:55,(anonymous_6)
FN:61,(anonymous_7)
FN:62,(anonymous_8)
FN:71,mapStateToProps
FNF:10
FNH:10
FNDA:16,(anonymous_0)
FNDA:20,(anonymous_1)
FNDA:23,(anonymous_2)
FNDA:23,(anonymous_3)
FNDA:2,(anonymous_4)
FNDA:2,(anonymous_5)
FNDA:2,(anonymous_6)
FNDA:4,(anonymous_7)
FNDA:4,(anonymous_8)
FNDA:1,mapStateToProps
DA:22,16
DA:23,16
DA:29,20
DA:31,20
DA:42,23
DA:46,23
DA:47,2
DA:52,2
DA:56,2
DA:57,2
DA:58,2
DA:62,4
DA:63,4
DA:72,1
LF:14
LH:14
BRDA:42,0,0,4
BRDA:42,0,1,19
BRDA:45,1,0,1
BRF:3
BRH:3
end_of_record
TN:
SF:/Users/bjernigan/Projects/whatisboom/src/containers/home.jsx
FN:10,(anonymous_0)
FNF:1
FNH:1
FNDA:2,(anonymous_0)
DA:11,2
LF:1
LH:1
BRF:0
BRH:0
end_of_record
TN:
SF:/Users/bjernigan/Projects/whatisboom/src/reducers/data.js
FN:3,data
FNF:1
FNH:1
FNDA:4,data
DA:4,4
DA:6,3
DA:8,1
LF:3
LH:3
BRDA:3,0,0,2
BRDA:4,1,0,3
BRDA:4,1,1,1
BRF:3
BRH:3
end_of_record
TN:
SF:/Users/bjernigan/Projects/whatisboom/src/reducers/index.js
FNF:0
FNH:0
LF:0
LH:0
BRF:0
BRH:0
end_of_record
TN:
SF:/Users/bjernigan/Projects/whatisboom/src/reducers/nav.js
FN:1,nav
FNF:1
FNH:1
FNDA:1,nav
DA:2,1
LF:1
LH:1
BRDA:1,0,0,1
BRF:1
BRH:1
end_of_record
